app/build/intermediates/manifest_merge_blame_file/debug/processDebugMainManifest/manifest-merger-blame-debug-report.txt
1<?xml version="1.0" encoding="utf-8"?>
2<manifest xmlns:android="http://schemas.android.com/apk/res/android"
3    package="com.nammaskill.app"
4    android:versionCode="1"
5    android:versionName="1.0" >
6
7    <uses-sdk
8        android:minSdkVersion="24"
9        android:targetSdkVersion="34" />
10
11    <!-- Permissions -->
12    <uses-permission android:name="android.permission.INTERNET" />
12-->src/main/AndroidManifest.xml:6:5-67
12-->src/main/AndroidManifest.xml:6:22-64
13    <uses-permission android:name="android.permission.ACCESS_FINE_LOCATION" />
13-->src/main/AndroidManifest.xml:7:5-79
13-->src/main/AndroidManifest.xml:7:22-76
14    <uses-permission android:name="android.permission.ACCESS_COARSE_LOCATION" />
14-->src/main/AndroidManifest.xml:8:5-81
14-->src/main/AndroidManifest.xml:8:22-78
15    <uses-permission android:name="android.permission.POST_NOTIFICATIONS" />
15-->src/main/AndroidManifest.xml:9:5-77
15-->src/main/AndroidManifest.xml:9:22-74
16    <uses-permission android:name="android.permission.CALL_PHONE" />
16-->src/main/AndroidManifest.xml:10:5-69
16-->src/main/AndroidManifest.xml:10:22-66
17
18    <uses-feature
18-->src/main/AndroidManifest.xml:12:5-88
19        android:name="android.hardware.telephony"
19-->src/main/AndroidManifest.xml:12:19-60
20        android:required="false" />
20-->src/main/AndroidManifest.xml:12:61-85
21
22    <!-- Include required permissions for Google Maps API to run. -->
23    <uses-permission android:name="android.permission.ACCESS_NETWORK_STATE" />
23-->[com.google.android.gms:play-services-maps:19.0.0] AndroidManifest.xml:23:5-79
23-->[com.google.android.gms:play-services-maps:19.0.0] AndroidManifest.xml:23:22-76
24
25    <uses-feature
25-->[com.google.android.gms:play-services-maps:19.0.0] AndroidManifest.xml:26:5-28:35
26        android:glEsVersion="0x00020000"
26-->[com.google.android.gms:play-services-maps:19.0.0] AndroidManifest.xml:27:9-41
27        android:required="true" />
27-->[com.google.android.gms:play-services-maps:19.0.0] AndroidManifest.xml:28:9-32
28
29    <queries>
29-->[com.google.android.gms:play-services-maps:19.0.0] AndroidManifest.xml:30:5-34:15
30
31        <!-- Needs to be explicitly declared on Android R+ -->
32        <package android:name="com.google.android.apps.maps" />
32-->[com.google.android.gms:play-services-maps:19.0.0] AndroidManifest.xml:33:9-64
32-->[com.google.android.gms:play-services-maps:19.0.0] AndroidManifest.xml:33:18-61
33    </queries>
34
35    <uses-permission android:name="android.permission.WAKE_LOCK" /> <!-- Required by older versions of Google Play services to create IID tokens -->
35-->[com.google.firebase:firebase-messaging:24.0.0] AndroidManifest.xml:24:5-68
35-->[com.google.firebase:firebase-messaging:24.0.0] AndroidManifest.xml:24:22-65
36    <uses-permission android:name="com.google.android.c2dm.permission.RECEIVE" />
36-->[com.google.firebase:firebase-messaging:24.0.0] AndroidManifest.xml:26:5-82
36-->[com.google.firebase:firebase-messaging:24.0.0] AndroidManifest.xml:26:22-79
37    <uses-permission android:name="com.google.android.finsky.permission.BIND_GET_INSTALL_REFERRER_SERVICE" />
37-->[com.google.android.gms:play-services-measurement:22.0.2] AndroidManifest.xml:26:5-110
37-->[com.google.android.gms:play-services-measurement:22.0.2] AndroidManifest.xml:26:22-107
38    <uses-permission android:name="com.google.android.gms.permission.AD_ID" />
38-->[com.google.android.gms:play-services-measurement-impl:22.0.2] AndroidManifest.xml:27:5-79
38-->[com.google.android.gms:play-services-measurement-impl:22.0.2] AndroidManifest.xml:27:22-76
39    <uses-permission android:name="android.permission.ACCESS_ADSERVICES_ATTRIBUTION" />
39-->[com.google.android.gms:play-services-measurement-api:22.0.2] AndroidManifest.xml:26:5-88
39-->[com.google.android.gms:play-services-measurement-api:22.0.2] AndroidManifest.xml:26:22-85
40    <uses-permission android:name="android.permission.ACCESS_ADSERVICES_AD_ID" />
40-->[com.google.android.gms:play-services-measurement-api:22.0.2] AndroidManifest.xml:27:5-82
40-->[com.google.android.gms:play-services-measurement-api:22.0.2] AndroidManifest.xml:27:22-79
41
42    <permission
42-->[androidx.core:core:1.13.1] AndroidManifest.xml:22:5-24:47
43        android:name="com.nammaskill.app.DYNAMIC_RECEIVER_NOT_EXPORTED_PERMISSION"
43-->[androidx.core:core:1.13.1] AndroidManifest.xml:23:9-81
44        android:protectionLevel="signature" />
44-->[androidx.core:core:1.13.1] AndroidManifest.xml:24:9-44
45
46    <uses-permission android:name="com.nammaskill.app.DYNAMIC_RECEIVER_NOT_EXPORTED_PERMISSION" />
46-->[androidx.core:core:1.13.1] AndroidManifest.xml:26:5-97
46-->[androidx.core:core:1.13.1] AndroidManifest.xml:26:22-94
47
48    <application
48-->src/main/AndroidManifest.xml:14:5-87:19
49        android:name="com.nammaskill.app.NammaSkillApp"
49-->src/main/AndroidManifest.xml:15:9-38
50        android:allowBackup="true"
50-->src/main/AndroidManifest.xml:16:9-35
51        android:appComponentFactory="androidx.core.app.CoreComponentFactory"
51-->[androidx.core:core:1.13.1] AndroidManifest.xml:28:18-86
52        android:debuggable="true"
53        android:extractNativeLibs="false"
54        android:icon="@drawable/ic_home"
54-->src/main/AndroidManifest.xml:17:9-41
55        android:label="@string/app_name"
55-->src/main/AndroidManifest.xml:19:9-41
56        android:roundIcon="@drawable/ic_home"
56-->src/main/AndroidManifest.xml:18:9-46
57        android:supportsRtl="true"
57-->src/main/AndroidManifest.xml:20:9-35
58        android:testOnly="true"
59        android:theme="@style/Theme.NammaSkill"
59-->src/main/AndroidManifest.xml:21:9-48
60        android:usesCleartextTraffic="false" >
60-->src/main/AndroidManifest.xml:22:9-45
61
62        <!-- Maps API Key -->
63        <meta-data
63-->src/main/AndroidManifest.xml:25:9-27:55
64            android:name="com.google.android.geo.API_KEY"
64-->src/main/AndroidManifest.xml:26:13-58
65            android:value="@string/google_maps_key" />
65-->src/main/AndroidManifest.xml:27:13-52
66
67        <!-- Splash Screen -->
68        <activity
68-->src/main/AndroidManifest.xml:30:9-40:20
69            android:name="com.nammaskill.app.ui.splash.SplashActivity"
69-->src/main/AndroidManifest.xml:31:13-53
70            android:exported="true"
70-->src/main/AndroidManifest.xml:32:13-36
71            android:screenOrientation="portrait"
71-->src/main/AndroidManifest.xml:34:13-49
72            android:theme="@style/Theme.NammaSkill.Splash" >
72-->src/main/AndroidManifest.xml:33:13-59
73            <intent-filter>
73-->src/main/AndroidManifest.xml:36:13-39:29
74                <action android:name="android.intent.action.MAIN" />
74-->src/main/AndroidManifest.xml:37:17-69
74-->src/main/AndroidManifest.xml:37:25-66
75
76                <category android:name="android.intent.category.LAUNCHER" />
76-->src/main/AndroidManifest.xml:38:17-77
76-->src/main/AndroidManifest.xml:38:27-74
77            </intent-filter>
78        </activity>
79
80        <!-- Onboarding -->
81        <activity
81-->src/main/AndroidManifest.xml:43:9-47:79
82            android:name="com.nammaskill.app.ui.onboarding.OnboardingActivity"
82-->src/main/AndroidManifest.xml:44:13-61
83            android:exported="false"
83-->src/main/AndroidManifest.xml:45:13-37
84            android:screenOrientation="portrait" />
84-->src/main/AndroidManifest.xml:46:13-49
85
86        <!-- Main Activity -->
87        <activity
87-->src/main/AndroidManifest.xml:50:9-65:20
88            android:name="com.nammaskill.app.ui.main.MainActivity"
88-->src/main/AndroidManifest.xml:51:13-49
89            android:exported="true"
89-->src/main/AndroidManifest.xml:52:13-36
90            android:screenOrientation="portrait"
90-->src/main/AndroidManifest.xml:53:13-49
91            android:windowSoftInputMode="adjustResize" >
91-->src/main/AndroidManifest.xml:54:13-55
92
93            <!-- Deep Link -->
94            <intent-filter>
94-->src/main/AndroidManifest.xml:57:13-64:29
95                <action android:name="android.intent.action.VIEW" />
95-->src/main/AndroidManifest.xml:58:17-69
95-->src/main/AndroidManifest.xml:58:25-66
96
97                <category android:name="android.intent.category.DEFAULT" />
97-->src/main/AndroidManifest.xml:59:17-76
97-->src/main/AndroidManifest.xml:59:27-73
98                <category android:name="android.intent.category.BROWSABLE" />
98-->src/main/AndroidManifest.xml:60:17-78
98-->src/main/AndroidManifest.xml:60:27-75
99
100                <data
100-->src/main/AndroidManifest.xml:61:17-63:45
101                    android:host="course"
101-->src/main/AndroidManifest.xml:63:21-42
102                    android:scheme="nammaskill" />
102-->src/main/AndroidManifest.xml:62:21-48
103            </intent-filter>
104        </activity>
105
106        <!-- FCM Service -->
107        <service
107-->src/main/AndroidManifest.xml:68:9-74:19
108            android:name="com.nammaskill.app.service.NammaSkillMessagingService"
108-->src/main/AndroidManifest.xml:69:13-63
109            android:exported="false" >
109-->src/main/AndroidManifest.xml:70:13-37
110            <intent-filter>
110-->src/main/AndroidManifest.xml:71:13-73:29
111                <action android:name="com.google.firebase.MESSAGING_EVENT" />
111-->src/main/AndroidManifest.xml:72:17-78
111-->src/main/AndroidManifest.xml:72:25-75
112            </intent-filter>
113        </service>
114
115        <!-- Notification Channel metadata -->
116        <meta-data
116-->src/main/AndroidManifest.xml:77:9-79:52
117            android:name="com.google.firebase.messaging.default_notification_icon"
117-->src/main/AndroidManifest.xml:78:13-83
118            android:resource="@drawable/ic_home" />
118-->src/main/AndroidManifest.xml:79:13-49
119        <meta-data
119-->src/main/AndroidManifest.xml:80:9-82:49
120            android:name="com.google.firebase.messaging.default_notification_color"
120-->src/main/AndroidManifest.xml:81:13-84
121            android:resource="@color/primary" />
121-->src/main/AndroidManifest.xml:82:13-46
122        <meta-data
122-->src/main/AndroidManifest.xml:83:9-85:50
123            android:name="com.google.firebase.messaging.default_notification_channel_id"
123-->src/main/AndroidManifest.xml:84:13-89
124            android:value="nammaskill_courses" />
124-->src/main/AndroidManifest.xml:85:13-47
125
126        <!-- Needs to be explicitly declared on P+ -->
127        <uses-library
127-->[com.google.android.gms:play-services-maps:19.0.0] AndroidManifest.xml:39:9-41:40
128            android:name="org.apache.http.legacy"
128-->[com.google.android.gms:play-services-maps:19.0.0] AndroidManifest.xml:40:13-50
129            android:required="false" />
129-->[com.google.android.gms:play-services-maps:19.0.0] AndroidManifest.xml:41:13-37
130
131        <service
131-->[com.google.firebase:firebase-firestore-ktx:25.0.0] AndroidManifest.xml:9:9-15:19
132            android:name="com.google.firebase.components.ComponentDiscoveryService"
132-->[com.google.firebase:firebase-firestore-ktx:25.0.0] AndroidManifest.xml:10:13-84
133            android:directBootAware="true"
133-->[com.google.firebase:firebase-common:21.0.0] AndroidManifest.xml:32:13-43
134            android:exported="false" >
134-->[com.google.firebase:firebase-firestore-ktx:25.0.0] AndroidManifest.xml:11:13-37
135            <meta-data
135-->[com.google.firebase:firebase-firestore-ktx:25.0.0] AndroidManifest.xml:12:13-14:85
136                android:name="com.google.firebase.components:com.google.firebase.firestore.ktx.FirebaseFirestoreLegacyRegistrar"
136-->[com.google.firebase:firebase-firestore-ktx:25.0.0] AndroidManifest.xml:13:17-129
137                android:value="com.google.firebase.components.ComponentRegistrar" />
137-->[com.google.firebase:firebase-firestore-ktx:25.0.0] AndroidManifest.xml:14:17-82
138            <meta-data
138-->[com.google.firebase:firebase-firestore:25.0.0] AndroidManifest.xml:17:13-19:85
139                android:name="com.google.firebase.components:com.google.firebase.firestore.FirebaseFirestoreKtxRegistrar"
139-->[com.google.firebase:firebase-firestore:25.0.0] AndroidManifest.xml:18:17-122
140                android:value="com.google.firebase.components.ComponentRegistrar" />
140-->[com.google.firebase:firebase-firestore:25.0.0] AndroidManifest.xml:19:17-82
141            <meta-data
141-->[com.google.firebase:firebase-firestore:25.0.0] AndroidManifest.xml:20:13-22:85
142                android:name="com.google.firebase.components:com.google.firebase.firestore.FirestoreRegistrar"
142-->[com.google.firebase:firebase-firestore:25.0.0] AndroidManifest.xml:21:17-111
143                android:value="com.google.firebase.components.ComponentRegistrar" />
143-->[com.google.firebase:firebase-firestore:25.0.0] AndroidManifest.xml:22:17-82
144            <meta-data
144-->[com.google.firebase:firebase-messaging-ktx:24.0.0] AndroidManifest.xml:26:13-28:85
145                android:name="com.google.firebase.components:com.google.firebase.messaging.ktx.FirebaseMessagingLegacyRegistrar"
145-->[com.google.firebase:firebase-messaging-ktx:24.0.0] AndroidManifest.xml:27:17-129
146                android:value="com.google.firebase.components.ComponentRegistrar" />
146-->[com.google.firebase:firebase-messaging-ktx:24.0.0] AndroidManifest.xml:28:17-82
147            <meta-data
147-->[com.google.firebase:firebase-messaging:24.0.0] AndroidManifest.xml:57:13-59:85
148                android:name="com.google.firebase.components:com.google.firebase.messaging.FirebaseMessagingKtxRegistrar"
148-->[com.google.firebase:firebase-messaging:24.0.0] AndroidManifest.xml:58:17-122
149                android:value="com.google.firebase.components.ComponentRegistrar" />
149-->[com.google.firebase:firebase-messaging:24.0.0] AndroidManifest.xml:59:17-82
150            <meta-data
150-->[com.google.firebase:firebase-messaging:24.0.0] AndroidManifest.xml:60:13-62:85
151                android:name="com.google.firebase.components:com.google.firebase.messaging.FirebaseMessagingRegistrar"
151-->[com.google.firebase:firebase-messaging:24.0.0] AndroidManifest.xml:61:17-119
152                android:value="com.google.firebase.components.ComponentRegistrar" />
152-->[com.google.firebase:firebase-messaging:24.0.0] AndroidManifest.xml:62:17-82
153            <meta-data
153-->[com.google.firebase:firebase-analytics-ktx:22.0.2] AndroidManifest.xml:11:13-13:85
154                android:name="com.google.firebase.components:com.google.firebase.analytics.ktx.FirebaseAnalyticsLegacyRegistrar"
154-->[com.google.firebase:firebase-analytics-ktx:22.0.2] AndroidManifest.xml:12:17-129
155                android:value="com.google.firebase.components.ComponentRegistrar" />
155-->[com.google.firebase:firebase-analytics-ktx:22.0.2] AndroidManifest.xml:13:17-82
156            <meta-data
156-->[com.google.android.gms:play-services-measurement-api:22.0.2] AndroidManifest.xml:37:13-39:85
157                android:name="com.google.firebase.components:com.google.firebase.analytics.connector.internal.AnalyticsConnectorRegistrar"
157-->[com.google.android.gms:play-services-measurement-api:22.0.2] AndroidManifest.xml:38:17-139
158                android:value="com.google.firebase.components.ComponentRegistrar" />
158-->[com.google.android.gms:play-services-measurement-api:22.0.2] AndroidManifest.xml:39:17-82
159            <meta-data
159-->[com.google.firebase:firebase-installations:18.0.0] AndroidManifest.xml:15:13-17:85
160                android:name="com.google.firebase.components:com.google.firebase.installations.FirebaseInstallationsKtxRegistrar"
160-->[com.google.firebase:firebase-installations:18.0.0] AndroidManifest.xml:16:17-130
161                android:value="com.google.firebase.components.ComponentRegistrar" />
161-->[com.google.firebase:firebase-installations:18.0.0] AndroidManifest.xml:17:17-82
162            <meta-data
162-->[com.google.firebase:firebase-installations:18.0.0] AndroidManifest.xml:18:13-20:85
163                android:name="com.google.firebase.components:com.google.firebase.installations.FirebaseInstallationsRegistrar"
163-->[com.google.firebase:firebase-installations:18.0.0] AndroidManifest.xml:19:17-127
164                android:value="com.google.firebase.components.ComponentRegistrar" />
164-->[com.google.firebase:firebase-installations:18.0.0] AndroidManifest.xml:20:17-82
165            <meta-data
165-->[com.google.firebase:firebase-common-ktx:21.0.0] AndroidManifest.xml:12:13-14:85
166                android:name="com.google.firebase.components:com.google.firebase.ktx.FirebaseCommonLegacyRegistrar"
166-->[com.google.firebase:firebase-common-ktx:21.0.0] AndroidManifest.xml:13:17-116
167                android:value="com.google.firebase.components.ComponentRegistrar" />
167-->[com.google.firebase:firebase-common-ktx:21.0.0] AndroidManifest.xml:14:17-82
168            <meta-data
168-->[com.google.firebase:firebase-common:21.0.0] AndroidManifest.xml:35:13-37:85
169                android:name="com.google.firebase.components:com.google.firebase.FirebaseCommonKtxRegistrar"
169-->[com.google.firebase:firebase-common:21.0.0] AndroidManifest.xml:36:17-109
170                android:value="com.google.firebase.components.ComponentRegistrar" />
170-->[com.google.firebase:firebase-common:21.0.0] AndroidManifest.xml:37:17-82
171            <meta-data
171-->[com.google.firebase:firebase-datatransport:18.2.0] AndroidManifest.xml:25:13-27:85
172                android:name="com.google.firebase.components:com.google.firebase.datatransport.TransportRegistrar"
172-->[com.google.firebase:firebase-datatransport:18.2.0] AndroidManifest.xml:26:17-115
173                android:value="com.google.firebase.components.ComponentRegistrar" />
173-->[com.google.firebase:firebase-datatransport:18.2.0] AndroidManifest.xml:27:17-82
174        </service>
175
176        <receiver
176-->[com.google.firebase:firebase-messaging:24.0.0] AndroidManifest.xml:29:9-40:20
177            android:name="com.google.firebase.iid.FirebaseInstanceIdReceiver"
177-->[com.google.firebase:firebase-messaging:24.0.0] AndroidManifest.xml:30:13-78
178            android:exported="true"
178-->[com.google.firebase:firebase-messaging:24.0.0] AndroidManifest.xml:31:13-36
179            android:permission="com.google.android.c2dm.permission.SEND" >
179-->[com.google.firebase:firebase-messaging:24.0.0] AndroidManifest.xml:32:13-73
180            <intent-filter>
180-->[com.google.firebase:firebase-messaging:24.0.0] AndroidManifest.xml:33:13-35:29
181                <action android:name="com.google.android.c2dm.intent.RECEIVE" />
181-->[com.google.firebase:firebase-messaging:24.0.0] AndroidManifest.xml:34:17-81
181-->[com.google.firebase:firebase-messaging:24.0.0] AndroidManifest.xml:34:25-78
182            </intent-filter>
183
184            <meta-data
184-->[com.google.firebase:firebase-messaging:24.0.0] AndroidManifest.xml:37:13-39:40
185                android:name="com.google.android.gms.cloudmessaging.FINISHED_AFTER_HANDLED"
185-->[com.google.firebase:firebase-messaging:24.0.0] AndroidManifest.xml:38:17-92
186                android:value="true" />
186-->[com.google.firebase:firebase-messaging:24.0.0] AndroidManifest.xml:39:17-37
187        </receiver>
188        <!--
189             FirebaseMessagingService performs security checks at runtime,
190             but set to not exported to explicitly avoid allowing another app to call it.
191        -->
192        <service
192-->[com.google.firebase:firebase-messaging:24.0.0] AndroidManifest.xml:46:9-53:19
193            android:name="com.google.firebase.messaging.FirebaseMessagingService"
193-->[com.google.firebase:firebase-messaging:24.0.0] AndroidManifest.xml:47:13-82
194            android:directBootAware="true"
194-->[com.google.firebase:firebase-messaging:24.0.0] AndroidManifest.xml:48:13-43
195            android:exported="false" >
195-->[com.google.firebase:firebase-messaging:24.0.0] AndroidManifest.xml:49:13-37
196            <intent-filter android:priority="-500" >
196-->src/main/AndroidManifest.xml:71:13-73:29
197                <action android:name="com.google.firebase.MESSAGING_EVENT" />
197-->src/main/AndroidManifest.xml:72:17-78
197-->src/main/AndroidManifest.xml:72:25-75
198            </intent-filter>
199        </service>
200
201        <activity
201-->[com.google.android.gms:play-services-base:18.5.0] AndroidManifest.xml:5:9-173
202            android:name="com.google.android.gms.common.api.GoogleApiActivity"
202-->[com.google.android.gms:play-services-base:18.5.0] AndroidManifest.xml:5:19-85
203            android:exported="false"
203-->[com.google.android.gms:play-services-base:18.5.0] AndroidManifest.xml:5:146-170
204            android:theme="@android:style/Theme.Translucent.NoTitleBar" />
204-->[com.google.android.gms:play-services-base:18.5.0] AndroidManifest.xml:5:86-145
205
206        <provider
206-->[androidx.emoji2:emoji2:1.3.0] AndroidManifest.xml:24:9-32:20
207            android:name="androidx.startup.InitializationProvider"
207-->[androidx.emoji2:emoji2:1.3.0] AndroidManifest.xml:25:13-67
208            android:authorities="com.nammaskill.app.androidx-startup"
208-->[androidx.emoji2:emoji2:1.3.0] AndroidManifest.xml:26:13-68
209            android:exported="false" >
209-->[androidx.emoji2:emoji2:1.3.0] AndroidManifest.xml:27:13-37
210            <meta-data
210-->[androidx.emoji2:emoji2:1.3.0] AndroidManifest.xml:29:13-31:52
211                android:name="androidx.emoji2.text.EmojiCompatInitializer"
211-->[androidx.emoji2:emoji2:1.3.0] AndroidManifest.xml:30:17-75
212                android:value="androidx.startup" />
212-->[androidx.emoji2:emoji2:1.3.0] AndroidManifest.xml:31:17-49
213            <meta-data
213-->[androidx.lifecycle:lifecycle-process:2.8.2] AndroidManifest.xml:29:13-31:52
214                android:name="androidx.lifecycle.ProcessLifecycleInitializer"
214-->[androidx.lifecycle:lifecycle-process:2.8.2] AndroidManifest.xml:30:17-78
215                android:value="androidx.startup" />
215-->[androidx.lifecycle:lifecycle-process:2.8.2] AndroidManifest.xml:31:17-49
216            <meta-data
216-->[androidx.profileinstaller:profileinstaller:1.3.1] AndroidManifest.xml:29:13-31:52
217                android:name="androidx.profileinstaller.ProfileInstallerInitializer"
217-->[androidx.profileinstaller:profileinstaller:1.3.1] AndroidManifest.xml:30:17-85
218                android:value="androidx.startup" />
218-->[androidx.profileinstaller:profileinstaller:1.3.1] AndroidManifest.xml:31:17-49
219        </provider>
220
221        <receiver
221-->[com.google.android.gms:play-services-measurement:22.0.2] AndroidManifest.xml:29:9-33:20
222            android:name="com.google.android.gms.measurement.AppMeasurementReceiver"
222-->[com.google.android.gms:play-services-measurement:22.0.2] AndroidManifest.xml:30:13-85
223            android:enabled="true"
223-->[com.google.android.gms:play-services-measurement:22.0.2] AndroidManifest.xml:31:13-35
224            android:exported="false" >
224-->[com.google.android.gms:play-services-measurement:22.0.2] AndroidManifest.xml:32:13-37
225        </receiver>
226
227        <service
227-->[com.google.android.gms:play-services-measurement:22.0.2] AndroidManifest.xml:35:9-38:40
228            android:name="com.google.android.gms.measurement.AppMeasurementService"
228-->[com.google.android.gms:play-services-measurement:22.0.2] AndroidManifest.xml:36:13-84
229            android:enabled="true"
229-->[com.google.android.gms:play-services-measurement:22.0.2] AndroidManifest.xml:37:13-35
230            android:exported="false" />
230-->[com.google.android.gms:play-services-measurement:22.0.2] AndroidManifest.xml:38:13-37
231        <service
231-->[com.google.android.gms:play-services-measurement:22.0.2] AndroidManifest.xml:39:9-43:72
232            android:name="com.google.android.gms.measurement.AppMeasurementJobService"
232-->[com.google.android.gms:play-services-measurement:22.0.2] AndroidManifest.xml:40:13-87
233            android:enabled="true"
233-->[com.google.android.gms:play-services-measurement:22.0.2] AndroidManifest.xml:41:13-35
234            android:exported="false"
234-->[com.google.android.gms:play-services-measurement:22.0.2] AndroidManifest.xml:42:13-37
235            android:permission="android.permission.BIND_JOB_SERVICE" />
235-->[com.google.android.gms:play-services-measurement:22.0.2] AndroidManifest.xml:43:13-69
236
237        <uses-library
237-->[androidx.window:window:1.0.0] AndroidManifest.xml:25:9-27:40
238            android:name="androidx.window.extensions"
238-->[androidx.window:window:1.0.0] AndroidManifest.xml:26:13-54
239            android:required="false" />
239-->[androidx.window:window:1.0.0] AndroidManifest.xml:27:13-37
240        <uses-library
240-->[androidx.window:window:1.0.0] AndroidManifest.xml:28:9-30:40
241            android:name="androidx.window.sidecar"
241-->[androidx.window:window:1.0.0] AndroidManifest.xml:29:13-51
242            android:required="false" />
242-->[androidx.window:window:1.0.0] AndroidManifest.xml:30:13-37
243        <uses-library
243-->[androidx.privacysandbox.ads:ads-adservices:1.0.0-beta05] AndroidManifest.xml:23:9-25:40
244            android:name="android.ext.adservices"
244-->[androidx.privacysandbox.ads:ads-adservices:1.0.0-beta05] AndroidManifest.xml:24:13-50
245            android:required="false" />
245-->[androidx.privacysandbox.ads:ads-adservices:1.0.0-beta05] AndroidManifest.xml:25:13-37
246
247        <property
247-->[com.google.android.gms:play-services-measurement-api:22.0.2] AndroidManifest.xml:30:9-32:61
248            android:name="android.adservices.AD_SERVICES_CONFIG"
248-->[com.google.android.gms:play-services-measurement-api:22.0.2] AndroidManifest.xml:31:13-65
249            android:resource="@xml/ga_ad_services_config" />
249-->[com.google.android.gms:play-services-measurement-api:22.0.2] AndroidManifest.xml:32:13-58
250
251        <provider
251-->[com.google.firebase:firebase-common:21.0.0] AndroidManifest.xml:23:9-28:39
252            android:name="com.google.firebase.provider.FirebaseInitProvider"
252-->[com.google.firebase:firebase-common:21.0.0] AndroidManifest.xml:24:13-77
253            android:authorities="com.nammaskill.app.firebaseinitprovider"
253-->[com.google.firebase:firebase-common:21.0.0] AndroidManifest.xml:25:13-72
254            android:directBootAware="true"
254-->[com.google.firebase:firebase-common:21.0.0] AndroidManifest.xml:26:13-43
255            android:exported="false"
255-->[com.google.firebase:firebase-common:21.0.0] AndroidManifest.xml:27:13-37
256            android:initOrder="100" />
256-->[com.google.firebase:firebase-common:21.0.0] AndroidManifest.xml:28:13-36
257
258        <meta-data
258-->[com.google.android.gms:play-services-basement:18.4.0] AndroidManifest.xml:6:9-122
259            android:name="com.google.android.gms.version"
259-->[com.google.android.gms:play-services-basement:18.4.0] AndroidManifest.xml:6:20-65
260            android:value="@integer/google_play_services_version" />
260-->[com.google.android.gms:play-services-basement:18.4.0] AndroidManifest.xml:6:66-119
261
262        <receiver
262-->[androidx.profileinstaller:profileinstaller:1.3.1] AndroidManifest.xml:34:9-52:20
263            android:name="androidx.profileinstaller.ProfileInstallReceiver"
263-->[androidx.profileinstaller:profileinstaller:1.3.1] AndroidManifest.xml:35:13-76
264            android:directBootAware="false"
264-->[androidx.profileinstaller:profileinstaller:1.3.1] AndroidManifest.xml:36:13-44
265            android:enabled="true"
265-->[androidx.profileinstaller:profileinstaller:1.3.1] AndroidManifest.xml:37:13-35
266            android:exported="true"
266-->[androidx.profileinstaller:profileinstaller:1.3.1] AndroidManifest.xml:38:13-36
267            android:permission="android.permission.DUMP" >
267-->[androidx.profileinstaller:profileinstaller:1.3.1] AndroidManifest.xml:39:13-57
268            <intent-filter>
268-->[androidx.profileinstaller:profileinstaller:1.3.1] AndroidManifest.xml:40:13-42:29
269                <action android:name="androidx.profileinstaller.action.INSTALL_PROFILE" />
269-->[androidx.profileinstaller:profileinstaller:1.3.1] AndroidManifest.xml:41:17-91
269-->[androidx.profileinstaller:profileinstaller:1.3.1] AndroidManifest.xml:41:25-88
270            </intent-filter>
271            <intent-filter>
271-->[androidx.profileinstaller:profileinstaller:1.3.1] AndroidManifest.xml:43:13-45:29
272                <action android:name="androidx.profileinstaller.action.SKIP_FILE" />
272-->[androidx.profileinstaller:profileinstaller:1.3.1] AndroidManifest.xml:44:17-85
272-->[androidx.profileinstaller:profileinstaller:1.3.1] AndroidManifest.xml:44:25-82
273            </intent-filter>
274            <intent-filter>
274-->[androidx.profileinstaller:profileinstaller:1.3.1] AndroidManifest.xml:46:13-48:29
275                <action android:name="androidx.profileinstaller.action.SAVE_PROFILE" />
275-->[androidx.profileinstaller:profileinstaller:1.3.1] AndroidManifest.xml:47:17-88
275-->[androidx.profileinstaller:profileinstaller:1.3.1] AndroidManifest.xml:47:25-85
276            </intent-filter>
277            <intent-filter>
277-->[androidx.profileinstaller:profileinstaller:1.3.1] AndroidManifest.xml:49:13-51:29
278                <action android:name="androidx.profileinstaller.action.BENCHMARK_OPERATION" />
278-->[androidx.profileinstaller:profileinstaller:1.3.1] AndroidManifest.xml:50:17-95
278-->[androidx.profileinstaller:profileinstaller:1.3.1] AndroidManifest.xml:50:25-92
279            </intent-filter>
280        </receiver>
281
282        <service
282-->[com.google.android.datatransport:transport-backend-cct:3.1.9] AndroidManifest.xml:28:9-34:19
283            android:name="com.google.android.datatransport.runtime.backends.TransportBackendDiscovery"